<?xml version="1.0" encoding="UTF-8"?>
<!-- Generated by org.testng.reporters.JUnitXMLReporter -->
<testsuite ignored="0" hostname="Sidra" failures="0" tests="1" name="Login Test" time="56.717" errors="0" timestamp="2023-07-04T12:46:33 PKT">
  <testcase classname="org.securetech.LoginActivity" name="@BeforeMethod preSetup" time="27.863">
    <failure type="org.openqa.selenium.WebDriverException" message="An unknown server-side error occurred while processing the command. Original error: Cannot start the &amp;apos;com.securetech.jazzbvs&amp;apos; application. Consider checking the driver&amp;apos;s troubleshooting documentation. Original error: &amp;apos;com.securetech.mobilinkbiometricmodule.ui.SplashActivity&amp;apos; or &amp;apos;com.securetech.jazzbvs.com.securetech.mobilinkbiometricmodule.ui.SplashActivity&amp;apos; never started. Consider checking the driver&amp;apos;s troubleshooting documentation.
Build info: version: &amp;apos;4.10.0&amp;apos;, revision: &amp;apos;c14d967899&amp;apos;
System info: os.name: &amp;apos;Windows 10&amp;apos;, os.arch: &amp;apos;amd64&amp;apos;, os.version: &amp;apos;10.0&amp;apos;, java.version: &amp;apos;16.0.1&amp;apos;
Driver info: io.appium.java_client.android.AndroidDriver
Command: [c5678897-57d8-442b-9dbb-db676d00cac9, startActivity {appPackage=com.securetech.jazzbvs, appActivity=com.securetech.mobilinkbiometricmodule.ui.SplashActivity, appWaitPackage=, appWaitActivity=, dontStopAppOnReset=false, intentAction=, intentCategory=, intentFlags=, optionalIntentArguments=}]
Capabilities {appium:app: C:\Users\Admin\eclipse-work..., appium:appActivity: com.securetech.mobilinkbiom..., appium:appPackage: com.securetech.jazzbvs, appium:automationName: UIAutomator2, appium:databaseEnabled: false, appium:desired: {app: C:\Users\Admin\eclipse-work..., appActivity: com.securetech.mobilinkbiom..., appPackage: com.securetech.jazzbvs, automationName: UIAutomator2, deviceName: 85a6f256, platformName: ANDROID}, appium:deviceApiLevel: 25, appium:deviceManufacturer: unknown, appium:deviceModel: TPS360, appium:deviceName: 192.168.6.85:5555, appium:deviceScreenDensity: 320, appium:deviceScreenSize: 720x1280, appium:deviceUDID: 192.168.6.85:5555, appium:javascriptEnabled: true, appium:locationContextEnabled: false, appium:networkConnectionEnabled: true, appium:pixelRatio: 2, appium:platformVersion: 7.1.2, appium:statBarHeight: 48, appium:takesScreenshot: true, appium:viewportRect: {height: 672, left: 0, top: 48, width: 1280}, appium:warnings: {}, appium:webStorageEnabled: false, platformName: ANDROID}
Session ID: c5678897-57d8-442b-9dbb-db676d00cac9">
      <![CDATA[org.openqa.selenium.WebDriverException: An unknown server-side error occurred while processing the command. Original error: Cannot start the 'com.securetech.jazzbvs' application. Consider checking the driver's troubleshooting documentation. Original error: 'com.securetech.mobilinkbiometricmodule.ui.SplashActivity' or 'com.securetech.jazzbvs.com.securetech.mobilinkbiometricmodule.ui.SplashActivity' never started. Consider checking the driver's troubleshooting documentation.
Build info: version: '4.10.0', revision: 'c14d967899'
System info: os.name: 'Windows 10', os.arch: 'amd64', os.version: '10.0', java.version: '16.0.1'
Driver info: io.appium.java_client.android.AndroidDriver
Command: [c5678897-57d8-442b-9dbb-db676d00cac9, startActivity {appPackage=com.securetech.jazzbvs, appActivity=com.securetech.mobilinkbiometricmodule.ui.SplashActivity, appWaitPackage=, appWaitActivity=, dontStopAppOnReset=false, intentAction=, intentCategory=, intentFlags=, optionalIntentArguments=}]
Capabilities {appium:app: C:\Users\Admin\eclipse-work..., appium:appActivity: com.securetech.mobilinkbiom..., appium:appPackage: com.securetech.jazzbvs, appium:automationName: UIAutomator2, appium:databaseEnabled: false, appium:desired: {app: C:\Users\Admin\eclipse-work..., appActivity: com.securetech.mobilinkbiom..., appPackage: com.securetech.jazzbvs, automationName: UIAutomator2, deviceName: 85a6f256, platformName: ANDROID}, appium:deviceApiLevel: 25, appium:deviceManufacturer: unknown, appium:deviceModel: TPS360, appium:deviceName: 192.168.6.85:5555, appium:deviceScreenDensity: 320, appium:deviceScreenSize: 720x1280, appium:deviceUDID: 192.168.6.85:5555, appium:javascriptEnabled: true, appium:locationContextEnabled: false, appium:networkConnectionEnabled: true, appium:pixelRatio: 2, appium:platformVersion: 7.1.2, appium:statBarHeight: 48, appium:takesScreenshot: true, appium:viewportRect: {height: 672, left: 0, top: 48, width: 1280}, appium:warnings: {}, appium:webStorageEnabled: false, platformName: ANDROID}
Session ID: c5678897-57d8-442b-9dbb-db676d00cac9
at org.openqa.selenium.remote.codec.w3c.W3CHttpResponseCodec.createException(W3CHttpResponseCodec.java:199)
at org.openqa.selenium.remote.codec.w3c.W3CHttpResponseCodec.decode(W3CHttpResponseCodec.java:132)
at org.openqa.selenium.remote.codec.w3c.W3CHttpResponseCodec.decode(W3CHttpResponseCodec.java:51)
at org.openqa.selenium.remote.HttpCommandExecutor.execute(HttpCommandExecutor.java:191)
at io.appium.java_client.remote.AppiumCommandExecutor.execute(AppiumCommandExecutor.java:250)
at org.openqa.selenium.remote.RemoteWebDriver.execute(RemoteWebDriver.java:531)
at org.openqa.selenium.remote.RemoteWebDriver.execute(RemoteWebDriver.java:590)
at io.appium.java_client.AppiumDriver.execute(AppiumDriver.java:308)
at io.appium.java_client.CommandExecutionHelper.execute(CommandExecutionHelper.java:35)
at io.appium.java_client.android.StartsActivity.startActivity(StartsActivity.java:54)
at org.securetech.pageObjects.android.LoginPage.setActivity(LoginPage.java:78)
at org.securetech.LoginActivity.preSetup(LoginActivity.java:57)
at java.base/java.util.ArrayList.forEach(ArrayList.java:1511)
... Removed 36 stack frames]]>
    </failure>
  </testcase> <!-- @BeforeMethod preSetup -->
  <testcase classname="org.securetech.LoginActivity" name="Login" time="0.0">
    <skipped/>
  </testcase> <!-- Login -->
</testsuite> <!-- Login Test -->
